Determining if the pthread_create exist failed with the following output:
Change Dir: /home/pi/Documents/ROS Projects/pi_roombot/build/CMakeFiles/CMakeTmp

Run Build Command:"/usr/bin/make" "cmTryCompileExec4213176504/fast"
/usr/bin/make -f CMakeFiles/cmTryCompileExec4213176504.dir/build.make CMakeFiles/cmTryCompileExec4213176504.dir/build
make[1]: Entering directory '/home/pi/Documents/ROS Projects/pi_roombot/build/CMakeFiles/CMakeTmp'
/usr/bin/cmake -E cmake_progress_report "/home/pi/Documents/ROS Projects/pi_roombot/build/CMakeFiles/CMakeTmp/CMakeFiles" 1
Building C object CMakeFiles/cmTryCompileExec4213176504.dir/CheckSymbolExists.c.o
/usr/bin/cc    -o CMakeFiles/cmTryCompileExec4213176504.dir/CheckSymbolExists.c.o   -c "/home/pi/Documents/ROS Projects/pi_roombot/build/CMakeFiles/CMakeTmp/CheckSymbolExists.c"
Linking C executable cmTryCompileExec4213176504
/usr/bin/cmake -E cmake_link_script CMakeFiles/cmTryCompileExec4213176504.dir/link.txt --verbose=1
/usr/bin/cc       CMakeFiles/cmTryCompileExec4213176504.dir/CheckSymbolExists.c.o  -o cmTryCompileExec4213176504 -rdynamic 
CMakeFiles/cmTryCompileExec4213176504.dir/CheckSymbolExists.c.o: In function `main':
CheckSymbolExists.c:(.text+0x38): undefined reference to `pthread_create'
collect2: error: ld returned 1 exit status
CMakeFiles/cmTryCompileExec4213176504.dir/build.make:88: recipe for target 'cmTryCompileExec4213176504' failed
make[1]: *** [cmTryCompileExec4213176504] Error 1
make[1]: Leaving directory '/home/pi/Documents/ROS Projects/pi_roombot/build/CMakeFiles/CMakeTmp'
Makefile:118: recipe for target 'cmTryCompileExec4213176504/fast' failed
make: *** [cmTryCompileExec4213176504/fast] Error 2

File /home/pi/Documents/ROS Projects/pi_roombot/build/CMakeFiles/CMakeTmp/CheckSymbolExists.c:
/* */
#include <pthread.h>

int main(int argc, char** argv)
{
  (void)argv;
#ifndef pthread_create
  return ((int*)(&pthread_create))[argc];
#else
  (void)argc;
  return 0;
#endif
}

Determining if the function pthread_create exists in the pthreads failed with the following output:
Change Dir: /home/pi/Documents/ROS Projects/pi_roombot/build/CMakeFiles/CMakeTmp

Run Build Command:"/usr/bin/make" "cmTryCompileExec1590832072/fast"
/usr/bin/make -f CMakeFiles/cmTryCompileExec1590832072.dir/build.make CMakeFiles/cmTryCompileExec1590832072.dir/build
make[1]: Entering directory '/home/pi/Documents/ROS Projects/pi_roombot/build/CMakeFiles/CMakeTmp'
/usr/bin/cmake -E cmake_progress_report "/home/pi/Documents/ROS Projects/pi_roombot/build/CMakeFiles/CMakeTmp/CMakeFiles" 1
Building C object CMakeFiles/cmTryCompileExec1590832072.dir/CheckFunctionExists.c.o
/usr/bin/cc   -DCHECK_FUNCTION_EXISTS=pthread_create   -o CMakeFiles/cmTryCompileExec1590832072.dir/CheckFunctionExists.c.o   -c /usr/share/cmake-3.0/Modules/CheckFunctionExists.c
Linking C executable cmTryCompileExec1590832072
/usr/bin/cmake -E cmake_link_script CMakeFiles/cmTryCompileExec1590832072.dir/link.txt --verbose=1
/usr/bin/cc   -DCHECK_FUNCTION_EXISTS=pthread_create    CMakeFiles/cmTryCompileExec1590832072.dir/CheckFunctionExists.c.o  -o cmTryCompileExec1590832072 -rdynamic -lpthreads 
/usr/bin/ld: cannot find -lpthreads
collect2: error: ld returned 1 exit status
CMakeFiles/cmTryCompileExec1590832072.dir/build.make:88: recipe for target 'cmTryCompileExec1590832072' failed
make[1]: *** [cmTryCompileExec1590832072] Error 1
make[1]: Leaving directory '/home/pi/Documents/ROS Projects/pi_roombot/build/CMakeFiles/CMakeTmp'
Makefile:118: recipe for target 'cmTryCompileExec1590832072/fast' failed
make: *** [cmTryCompileExec1590832072/fast] Error 2


